Determining if the pthread_create exist failed with the following output:
Change Dir: /home/isavel/Nextcloud/Coding/С++/Otus/Month_1/Lesson_1/otus_lesson_1/build/CMakeFiles/CMakeTmp

Run Build Command(s):/usr/bin/gmake cmTC_16b88/fast 
/usr/bin/gmake -f CMakeFiles/cmTC_16b88.dir/build.make CMakeFiles/cmTC_16b88.dir/build
gmake[1]: вход в каталог «/home/isavel/Nextcloud/Coding/С++/Otus/Month_1/Lesson_1/otus_lesson_1/build/CMakeFiles/CMakeTmp»
Building C object CMakeFiles/cmTC_16b88.dir/CheckSymbolExists.c.o
/usr/bin/cc    -o CMakeFiles/cmTC_16b88.dir/CheckSymbolExists.c.o   -c /home/isavel/Nextcloud/Coding/С++/Otus/Month_1/Lesson_1/otus_lesson_1/build/CMakeFiles/CMakeTmp/CheckSymbolExists.c
Linking C executable cmTC_16b88
/usr/bin/cmake -E cmake_link_script CMakeFiles/cmTC_16b88.dir/link.txt --verbose=1
/usr/bin/cc      CMakeFiles/cmTC_16b88.dir/CheckSymbolExists.c.o  -o cmTC_16b88 
/usr/bin/ld: CMakeFiles/cmTC_16b88.dir/CheckSymbolExists.c.o: in function `main':
CheckSymbolExists.c:(.text+0x16): undefined reference to `pthread_create'
collect2: ошибка: выполнение ld завершилось с кодом возврата 1
gmake[1]: *** [CMakeFiles/cmTC_16b88.dir/build.make:87: cmTC_16b88] Ошибка 1
gmake[1]: выход из каталога «/home/isavel/Nextcloud/Coding/С++/Otus/Month_1/Lesson_1/otus_lesson_1/build/CMakeFiles/CMakeTmp»
gmake: *** [Makefile:121: cmTC_16b88/fast] Ошибка 2

File /home/isavel/Nextcloud/Coding/С++/Otus/Month_1/Lesson_1/otus_lesson_1/build/CMakeFiles/CMakeTmp/CheckSymbolExists.c:
/* */
#include <pthread.h>

int main(int argc, char** argv)
{
  (void)argv;
#ifndef pthread_create
  return ((int*)(&pthread_create))[argc];
#else
  (void)argc;
  return 0;
#endif
}

Determining if the function pthread_create exists in the pthreads failed with the following output:
Change Dir: /home/isavel/Nextcloud/Coding/С++/Otus/Month_1/Lesson_1/otus_lesson_1/build/CMakeFiles/CMakeTmp

Run Build Command(s):/usr/bin/gmake cmTC_c80e7/fast 
/usr/bin/gmake -f CMakeFiles/cmTC_c80e7.dir/build.make CMakeFiles/cmTC_c80e7.dir/build
gmake[1]: вход в каталог «/home/isavel/Nextcloud/Coding/С++/Otus/Month_1/Lesson_1/otus_lesson_1/build/CMakeFiles/CMakeTmp»
Building C object CMakeFiles/cmTC_c80e7.dir/CheckFunctionExists.c.o
/usr/bin/cc   -DCHECK_FUNCTION_EXISTS=pthread_create   -o CMakeFiles/cmTC_c80e7.dir/CheckFunctionExists.c.o   -c /usr/share/cmake/Modules/CheckFunctionExists.c
Linking C executable cmTC_c80e7
/usr/bin/cmake -E cmake_link_script CMakeFiles/cmTC_c80e7.dir/link.txt --verbose=1
/usr/bin/cc  -DCHECK_FUNCTION_EXISTS=pthread_create    CMakeFiles/cmTC_c80e7.dir/CheckFunctionExists.c.o  -o cmTC_c80e7 -lpthreads 
/usr/bin/ld: cannot find -lpthreads
collect2: ошибка: выполнение ld завершилось с кодом возврата 1
gmake[1]: *** [CMakeFiles/cmTC_c80e7.dir/build.make:87: cmTC_c80e7] Ошибка 1
gmake[1]: выход из каталога «/home/isavel/Nextcloud/Coding/С++/Otus/Month_1/Lesson_1/otus_lesson_1/build/CMakeFiles/CMakeTmp»
gmake: *** [Makefile:121: cmTC_c80e7/fast] Ошибка 2


